{"/Users/utmalik/FSD4/Ecommerce/Controllers/product.controllers.js": {"path":"/Users/utmalik/FSD4/Ecommerce/Controllers/product.controllers.js","statementMap":{"0":{"start":{"line":2,"column":37},"end":{"line":2,"column":57}},"1":{"start":{"line":3,"column":10},"end":{"line":3,"column":22}},"2":{"start":{"line":5,"column":0},"end":{"line":22,"column":1}},"3":{"start":{"line":7,"column":4},"end":{"line":9,"column":5}},"4":{"start":{"line":8,"column":8},"end":{"line":8,"column":97}},"5":{"start":{"line":11,"column":45},"end":{"line":11,"column":53}},"6":{"start":{"line":13,"column":20},"end":{"line":13,"column":54}},"7":{"start":{"line":15,"column":4},"end":{"line":21,"column":6}},"8":{"start":{"line":16,"column":8},"end":{"line":16,"column":45}},"9":{"start":{"line":19,"column":8},"end":{"line":19,"column":35}},"10":{"start":{"line":20,"column":8},"end":{"line":20,"column":85}},"11":{"start":{"line":28,"column":0},"end":{"line":83,"column":1}},"12":{"start":{"line":30,"column":35},"end":{"line":30,"column":44}},"13":{"start":{"line":33,"column":4},"end":{"line":33,"column":27}},"14":{"start":{"line":35,"column":4},"end":{"line":74,"column":5}},"15":{"start":{"line":36,"column":8},"end":{"line":40,"column":10}},"16":{"start":{"line":42,"column":9},"end":{"line":74,"column":5}},"17":{"start":{"line":44,"column":8},"end":{"line":51,"column":10}},"18":{"start":{"line":53,"column":9},"end":{"line":74,"column":5}},"19":{"start":{"line":54,"column":8},"end":{"line":60,"column":10}},"20":{"start":{"line":63,"column":9},"end":{"line":74,"column":5}},"21":{"start":{"line":64,"column":8},"end":{"line":70,"column":10}},"22":{"start":{"line":73,"column":8},"end":{"line":73,"column":42}},"23":{"start":{"line":76,"column":4},"end":{"line":82,"column":6}},"24":{"start":{"line":78,"column":8},"end":{"line":78,"column":26}},"25":{"start":{"line":81,"column":8},"end":{"line":81,"column":78}},"26":{"start":{"line":85,"column":0},"end":{"line":100,"column":1}},"27":{"start":{"line":87,"column":20},"end":{"line":87,"column":33}},"28":{"start":{"line":89,"column":4},"end":{"line":99,"column":6}},"29":{"start":{"line":92,"column":8},"end":{"line":94,"column":9}},"30":{"start":{"line":93,"column":12},"end":{"line":93,"column":64}},"31":{"start":{"line":95,"column":8},"end":{"line":95,"column":26}},"32":{"start":{"line":98,"column":8},"end":{"line":98,"column":78}},"33":{"start":{"line":102,"column":0},"end":{"line":115,"column":1}},"34":{"start":{"line":104,"column":4},"end":{"line":114,"column":6}},"35":{"start":{"line":110,"column":8},"end":{"line":110,"column":27}},"36":{"start":{"line":113,"column":8},"end":{"line":113,"column":108}},"37":{"start":{"line":117,"column":0},"end":{"line":132,"column":1}},"38":{"start":{"line":119,"column":4},"end":{"line":130,"column":6}},"39":{"start":{"line":126,"column":8},"end":{"line":126,"column":26}},"40":{"start":{"line":129,"column":8},"end":{"line":129,"column":108}}},"fnMap":{"0":{"name":"(anonymous_0)","decl":{"start":{"line":5,"column":15},"end":{"line":5,"column":16}},"loc":{"start":{"line":5,"column":26},"end":{"line":22,"column":1}},"line":5},"1":{"name":"(anonymous_1)","decl":{"start":{"line":15,"column":33},"end":{"line":15,"column":34}},"loc":{"start":{"line":15,"column":42},"end":{"line":17,"column":5}},"line":15},"2":{"name":"(anonymous_2)","decl":{"start":{"line":18,"column":11},"end":{"line":18,"column":12}},"loc":{"start":{"line":18,"column":18},"end":{"line":21,"column":5}},"line":18},"3":{"name":"(anonymous_3)","decl":{"start":{"line":28,"column":18},"end":{"line":28,"column":19}},"loc":{"start":{"line":28,"column":29},"end":{"line":83,"column":1}},"line":28},"4":{"name":"(anonymous_4)","decl":{"start":{"line":77,"column":10},"end":{"line":77,"column":11}},"loc":{"start":{"line":77,"column":20},"end":{"line":79,"column":5}},"line":77},"5":{"name":"(anonymous_5)","decl":{"start":{"line":80,"column":11},"end":{"line":80,"column":12}},"loc":{"start":{"line":80,"column":18},"end":{"line":82,"column":5}},"line":80},"6":{"name":"(anonymous_6)","decl":{"start":{"line":85,"column":16},"end":{"line":85,"column":17}},"loc":{"start":{"line":85,"column":27},"end":{"line":100,"column":1}},"line":85},"7":{"name":"(anonymous_7)","decl":{"start":{"line":90,"column":10},"end":{"line":90,"column":11}},"loc":{"start":{"line":90,"column":20},"end":{"line":96,"column":5}},"line":90},"8":{"name":"(anonymous_8)","decl":{"start":{"line":97,"column":11},"end":{"line":97,"column":12}},"loc":{"start":{"line":97,"column":18},"end":{"line":99,"column":5}},"line":97},"9":{"name":"(anonymous_9)","decl":{"start":{"line":102,"column":34},"end":{"line":102,"column":35}},"loc":{"start":{"line":102,"column":45},"end":{"line":115,"column":1}},"line":102},"10":{"name":"(anonymous_10)","decl":{"start":{"line":109,"column":10},"end":{"line":109,"column":11}},"loc":{"start":{"line":109,"column":20},"end":{"line":111,"column":5}},"line":109},"11":{"name":"(anonymous_11)","decl":{"start":{"line":112,"column":11},"end":{"line":112,"column":12}},"loc":{"start":{"line":112,"column":18},"end":{"line":114,"column":5}},"line":112},"12":{"name":"(anonymous_12)","decl":{"start":{"line":117,"column":33},"end":{"line":117,"column":34}},"loc":{"start":{"line":117,"column":44},"end":{"line":132,"column":1}},"line":117},"13":{"name":"(anonymous_13)","decl":{"start":{"line":125,"column":10},"end":{"line":125,"column":11}},"loc":{"start":{"line":125,"column":19},"end":{"line":127,"column":5}},"line":125},"14":{"name":"(anonymous_14)","decl":{"start":{"line":128,"column":11},"end":{"line":128,"column":12}},"loc":{"start":{"line":128,"column":18},"end":{"line":130,"column":5}},"line":128}},"branchMap":{"0":{"loc":{"start":{"line":7,"column":4},"end":{"line":9,"column":5}},"type":"if","locations":[{"start":{"line":7,"column":4},"end":{"line":9,"column":5}},{"start":{},"end":{}}],"line":7},"1":{"loc":{"start":{"line":20,"column":45},"end":{"line":20,"column":82}},"type":"binary-expr","locations":[{"start":{"line":20,"column":45},"end":{"line":20,"column":56}},{"start":{"line":20,"column":60},"end":{"line":20,"column":82}}],"line":20},"2":{"loc":{"start":{"line":35,"column":4},"end":{"line":74,"column":5}},"type":"if","locations":[{"start":{"line":35,"column":4},"end":{"line":74,"column":5}},{"start":{"line":42,"column":9},"end":{"line":74,"column":5}}],"line":35},"3":{"loc":{"start":{"line":42,"column":9},"end":{"line":74,"column":5}},"type":"if","locations":[{"start":{"line":42,"column":9},"end":{"line":74,"column":5}},{"start":{"line":53,"column":9},"end":{"line":74,"column":5}}],"line":42},"4":{"loc":{"start":{"line":42,"column":12},"end":{"line":42,"column":30}},"type":"binary-expr","locations":[{"start":{"line":42,"column":12},"end":{"line":42,"column":19}},{"start":{"line":42,"column":23},"end":{"line":42,"column":30}}],"line":42},"5":{"loc":{"start":{"line":53,"column":9},"end":{"line":74,"column":5}},"type":"if","locations":[{"start":{"line":53,"column":9},"end":{"line":74,"column":5}},{"start":{"line":63,"column":9},"end":{"line":74,"column":5}}],"line":53},"6":{"loc":{"start":{"line":63,"column":9},"end":{"line":74,"column":5}},"type":"if","locations":[{"start":{"line":63,"column":9},"end":{"line":74,"column":5}},{"start":{"line":72,"column":8},"end":{"line":74,"column":5}}],"line":63},"7":{"loc":{"start":{"line":81,"column":38},"end":{"line":81,"column":75}},"type":"binary-expr","locations":[{"start":{"line":81,"column":38},"end":{"line":81,"column":49}},{"start":{"line":81,"column":53},"end":{"line":81,"column":75}}],"line":81},"8":{"loc":{"start":{"line":92,"column":8},"end":{"line":94,"column":9}},"type":"if","locations":[{"start":{"line":92,"column":8},"end":{"line":94,"column":9}},{"start":{},"end":{}}],"line":92},"9":{"loc":{"start":{"line":98,"column":38},"end":{"line":98,"column":75}},"type":"binary-expr","locations":[{"start":{"line":98,"column":38},"end":{"line":98,"column":49}},{"start":{"line":98,"column":53},"end":{"line":98,"column":75}}],"line":98}},"s":{"0":1,"1":1,"2":1,"3":3,"4":1,"5":2,"6":2,"7":2,"8":1,"9":1,"10":1,"11":1,"12":0,"13":0,"14":0,"15":0,"16":0,"17":0,"18":0,"19":0,"20":0,"21":0,"22":0,"23":0,"24":0,"25":0,"26":1,"27":0,"28":0,"29":0,"30":0,"31":0,"32":0,"33":1,"34":0,"35":0,"36":0,"37":1,"38":0,"39":0,"40":0},"f":{"0":3,"1":1,"2":1,"3":0,"4":0,"5":0,"6":0,"7":0,"8":0,"9":0,"10":0,"11":0,"12":0,"13":0,"14":0},"b":{"0":[1,2],"1":[1,0],"2":[0,0],"3":[0,0],"4":[0,0],"5":[0,0],"6":[0,0],"7":[0,0],"8":[0,0],"9":[0,0]},"_coverageSchema":"1a1c01bbd47fc00a2c39e90264f33305004495a9","hash":"8f4b3750739b9dd1459011c1885fc244621e6aac"}
,"/Users/utmalik/FSD4/Ecommerce/configs/db.config.js": {"path":"/Users/utmalik/FSD4/Ecommerce/configs/db.config.js","statementMap":{"0":{"start":{"line":1,"column":0},"end":{"line":13,"column":5}}},"fnMap":{},"branchMap":{},"s":{"0":1},"f":{},"b":{},"_coverageSchema":"1a1c01bbd47fc00a2c39e90264f33305004495a9","hash":"c1b6702f00365193c548c9e971b95befb96bab3f"}
,"/Users/utmalik/FSD4/Ecommerce/models/cart.model.js": {"path":"/Users/utmalik/FSD4/Ecommerce/models/cart.model.js","statementMap":{"0":{"start":{"line":1,"column":22},"end":{"line":1,"column":42}},"1":{"start":{"line":3,"column":0},"end":{"line":18,"column":1}},"2":{"start":{"line":5,"column":16},"end":{"line":15,"column":6}},"3":{"start":{"line":17,"column":4},"end":{"line":17,"column":16}}},"fnMap":{"0":{"name":"(anonymous_0)","decl":{"start":{"line":3,"column":17},"end":{"line":3,"column":18}},"loc":{"start":{"line":3,"column":41},"end":{"line":18,"column":1}},"line":3}},"branchMap":{},"s":{"0":1,"1":1,"2":1,"3":1},"f":{"0":1},"b":{},"_coverageSchema":"1a1c01bbd47fc00a2c39e90264f33305004495a9","hash":"eb86f72ca6eb558873acdf12e2528358ca81deda"}
,"/Users/utmalik/FSD4/Ecommerce/models/category.model.js": {"path":"/Users/utmalik/FSD4/Ecommerce/models/category.model.js","statementMap":{"0":{"start":{"line":3,"column":0},"end":{"line":24,"column":1}},"1":{"start":{"line":5,"column":20},"end":{"line":21,"column":6}},"2":{"start":{"line":23,"column":4},"end":{"line":23,"column":20}}},"fnMap":{"0":{"name":"(anonymous_0)","decl":{"start":{"line":3,"column":16},"end":{"line":3,"column":17}},"loc":{"start":{"line":3,"column":39},"end":{"line":24,"column":1}},"line":3}},"branchMap":{},"s":{"0":1,"1":1,"2":1},"f":{"0":1},"b":{},"_coverageSchema":"1a1c01bbd47fc00a2c39e90264f33305004495a9","hash":"370f9624f67cc0f69ef8fef7aaf78120477168f2"}
,"/Users/utmalik/FSD4/Ecommerce/models/index.js": {"path":"/Users/utmalik/FSD4/Ecommerce/models/index.js","statementMap":{"0":{"start":{"line":1,"column":13},"end":{"line":1,"column":44}},"1":{"start":{"line":2,"column":18},"end":{"line":2,"column":38}},"2":{"start":{"line":5,"column":18},"end":{"line":20,"column":1}},"3":{"start":{"line":22,"column":9},"end":{"line":22,"column":11}},"4":{"start":{"line":24,"column":0},"end":{"line":24,"column":25}},"5":{"start":{"line":25,"column":0},"end":{"line":25,"column":25}},"6":{"start":{"line":26,"column":0},"end":{"line":26,"column":63}},"7":{"start":{"line":27,"column":0},"end":{"line":27,"column":60}},"8":{"start":{"line":28,"column":0},"end":{"line":28,"column":55}},"9":{"start":{"line":29,"column":0},"end":{"line":29,"column":55}},"10":{"start":{"line":30,"column":0},"end":{"line":30,"column":55}},"11":{"start":{"line":33,"column":0},"end":{"line":35,"column":3}},"12":{"start":{"line":36,"column":0},"end":{"line":36,"column":34}},"13":{"start":{"line":38,"column":0},"end":{"line":42,"column":3}},"14":{"start":{"line":44,"column":0},"end":{"line":48,"column":2}},"15":{"start":{"line":50,"column":0},"end":{"line":50,"column":24}},"16":{"start":{"line":51,"column":0},"end":{"line":51,"column":27}},"17":{"start":{"line":53,"column":0},"end":{"line":57,"column":3}},"18":{"start":{"line":59,"column":0},"end":{"line":63,"column":3}},"19":{"start":{"line":67,"column":0},"end":{"line":67,"column":28}},"20":{"start":{"line":69,"column":0},"end":{"line":69,"column":18}}},"fnMap":{},"branchMap":{},"s":{"0":1,"1":1,"2":1,"3":1,"4":1,"5":1,"6":1,"7":1,"8":1,"9":1,"10":1,"11":1,"12":1,"13":1,"14":1,"15":1,"16":1,"17":1,"18":1,"19":1,"20":1},"f":{},"b":{},"_coverageSchema":"1a1c01bbd47fc00a2c39e90264f33305004495a9","hash":"319ae354753f6fac34761aadbee1f7353de1a07c"}
,"/Users/utmalik/FSD4/Ecommerce/models/product.model.js": {"path":"/Users/utmalik/FSD4/Ecommerce/models/product.model.js","statementMap":{"0":{"start":{"line":3,"column":0},"end":{"line":31,"column":1}},"1":{"start":{"line":5,"column":20},"end":{"line":28,"column":6}},"2":{"start":{"line":30,"column":4},"end":{"line":30,"column":19}}},"fnMap":{"0":{"name":"(anonymous_0)","decl":{"start":{"line":3,"column":17},"end":{"line":3,"column":18}},"loc":{"start":{"line":3,"column":40},"end":{"line":31,"column":1}},"line":3}},"branchMap":{},"s":{"0":1,"1":1,"2":1},"f":{"0":1},"b":{},"_coverageSchema":"1a1c01bbd47fc00a2c39e90264f33305004495a9","hash":"38e8c6a1675be2de597b1992c6f9d4ffaed4f7c8"}
,"/Users/utmalik/FSD4/Ecommerce/models/role.model.js": {"path":"/Users/utmalik/FSD4/Ecommerce/models/role.model.js","statementMap":{"0":{"start":{"line":1,"column":0},"end":{"line":17,"column":2}},"1":{"start":{"line":3,"column":17},"end":{"line":14,"column":6}},"2":{"start":{"line":16,"column":4},"end":{"line":16,"column":16}}},"fnMap":{"0":{"name":"(anonymous_0)","decl":{"start":{"line":1,"column":17},"end":{"line":1,"column":18}},"loc":{"start":{"line":1,"column":40},"end":{"line":17,"column":1}},"line":1}},"branchMap":{},"s":{"0":1,"1":1,"2":1},"f":{"0":1},"b":{},"_coverageSchema":"1a1c01bbd47fc00a2c39e90264f33305004495a9","hash":"796d4b5a535987a9b27ac578354accd7c37306aa"}
,"/Users/utmalik/FSD4/Ecommerce/models/user.model.js": {"path":"/Users/utmalik/FSD4/Ecommerce/models/user.model.js","statementMap":{"0":{"start":{"line":3,"column":0},"end":{"line":28,"column":1}},"1":{"start":{"line":6,"column":15},"end":{"line":24,"column":6}},"2":{"start":{"line":26,"column":4},"end":{"line":26,"column":16}}},"fnMap":{"0":{"name":"(anonymous_0)","decl":{"start":{"line":3,"column":17},"end":{"line":3,"column":18}},"loc":{"start":{"line":3,"column":40},"end":{"line":28,"column":1}},"line":3}},"branchMap":{},"s":{"0":1,"1":1,"2":1},"f":{"0":1},"b":{},"_coverageSchema":"1a1c01bbd47fc00a2c39e90264f33305004495a9","hash":"658464f10ec8432a593a0fe0712446f074ff9991"}
,"/Users/utmalik/FSD4/Ecommerce/tests/unit/interceptor.js": {"path":"/Users/utmalik/FSD4/Ecommerce/tests/unit/interceptor.js","statementMap":{"0":{"start":{"line":2,"column":0},"end":{"line":26,"column":1}},"1":{"start":{"line":6,"column":18},"end":{"line":6,"column":20}},"2":{"start":{"line":8,"column":8},"end":{"line":8,"column":48}},"3":{"start":{"line":9,"column":8},"end":{"line":9,"column":50}},"4":{"start":{"line":10,"column":8},"end":{"line":10,"column":49}},"5":{"start":{"line":11,"column":8},"end":{"line":11,"column":51}},"6":{"start":{"line":13,"column":8},"end":{"line":13,"column":19}},"7":{"start":{"line":18,"column":18},"end":{"line":18,"column":20}},"8":{"start":{"line":20,"column":8},"end":{"line":20,"column":48}},"9":{"start":{"line":21,"column":8},"end":{"line":21,"column":50}},"10":{"start":{"line":22,"column":8},"end":{"line":22,"column":48}},"11":{"start":{"line":24,"column":8},"end":{"line":24,"column":19}}},"fnMap":{"0":{"name":"(anonymous_0)","decl":{"start":{"line":4,"column":16},"end":{"line":4,"column":17}},"loc":{"start":{"line":4,"column":20},"end":{"line":14,"column":5}},"line":4},"1":{"name":"(anonymous_1)","decl":{"start":{"line":16,"column":17},"end":{"line":16,"column":18}},"loc":{"start":{"line":16,"column":21},"end":{"line":25,"column":5}},"line":16}},"branchMap":{},"s":{"0":1,"1":3,"2":3,"3":3,"4":3,"5":3,"6":3,"7":3,"8":3,"9":3,"10":3,"11":3},"f":{"0":3,"1":3},"b":{},"_coverageSchema":"1a1c01bbd47fc00a2c39e90264f33305004495a9","hash":"1cfd195f1fbd4065f10254ab7973d01c0e78c9ff"}
}
