TN:
SF:Controllers/product.controllers.js
FN:5,(anonymous_0)
FN:15,(anonymous_1)
FN:18,(anonymous_2)
FN:28,(anonymous_3)
FN:77,(anonymous_4)
FN:80,(anonymous_5)
FN:85,(anonymous_6)
FN:90,(anonymous_7)
FN:97,(anonymous_8)
FN:102,(anonymous_9)
FN:109,(anonymous_10)
FN:112,(anonymous_11)
FN:117,(anonymous_12)
FN:125,(anonymous_13)
FN:128,(anonymous_14)
FNF:15
FNH:3
FNDA:3,(anonymous_0)
FNDA:1,(anonymous_1)
FNDA:1,(anonymous_2)
FNDA:0,(anonymous_3)
FNDA:0,(anonymous_4)
FNDA:0,(anonymous_5)
FNDA:0,(anonymous_6)
FNDA:0,(anonymous_7)
FNDA:0,(anonymous_8)
FNDA:0,(anonymous_9)
FNDA:0,(anonymous_10)
FNDA:0,(anonymous_11)
FNDA:0,(anonymous_12)
FNDA:0,(anonymous_13)
FNDA:0,(anonymous_14)
DA:2,1
DA:3,1
DA:5,1
DA:7,3
DA:8,1
DA:11,2
DA:13,2
DA:15,2
DA:16,1
DA:19,1
DA:20,1
DA:28,1
DA:30,0
DA:33,0
DA:35,0
DA:36,0
DA:42,0
DA:44,0
DA:53,0
DA:54,0
DA:63,0
DA:64,0
DA:73,0
DA:76,0
DA:78,0
DA:81,0
DA:85,1
DA:87,0
DA:89,0
DA:92,0
DA:93,0
DA:95,0
DA:98,0
DA:102,1
DA:104,0
DA:110,0
DA:113,0
DA:117,1
DA:119,0
DA:126,0
DA:129,0
LF:41
LH:15
BRDA:7,0,0,1
BRDA:7,0,1,2
BRDA:20,1,0,1
BRDA:20,1,1,0
BRDA:35,2,0,0
BRDA:35,2,1,0
BRDA:42,3,0,0
BRDA:42,3,1,0
BRDA:42,4,0,0
BRDA:42,4,1,0
BRDA:53,5,0,0
BRDA:53,5,1,0
BRDA:63,6,0,0
BRDA:63,6,1,0
BRDA:81,7,0,0
BRDA:81,7,1,0
BRDA:92,8,0,0
BRDA:92,8,1,0
BRDA:98,9,0,0
BRDA:98,9,1,0
BRF:20
BRH:3
end_of_record
TN:
SF:configs/db.config.js
FNF:0
FNH:0
DA:1,1
LF:1
LH:1
BRF:0
BRH:0
end_of_record
TN:
SF:models/cart.model.js
FN:3,(anonymous_0)
FNF:1
FNH:1
FNDA:1,(anonymous_0)
DA:1,1
DA:3,1
DA:5,1
DA:17,1
LF:4
LH:4
BRF:0
BRH:0
end_of_record
TN:
SF:models/category.model.js
FN:3,(anonymous_0)
FNF:1
FNH:1
FNDA:1,(anonymous_0)
DA:3,1
DA:5,1
DA:23,1
LF:3
LH:3
BRF:0
BRH:0
end_of_record
TN:
SF:models/index.js
FNF:0
FNH:0
DA:1,1
DA:2,1
DA:5,1
DA:22,1
DA:24,1
DA:25,1
DA:26,1
DA:27,1
DA:28,1
DA:29,1
DA:30,1
DA:33,1
DA:36,1
DA:38,1
DA:44,1
DA:50,1
DA:51,1
DA:53,1
DA:59,1
DA:67,1
DA:69,1
LF:21
LH:21
BRF:0
BRH:0
end_of_record
TN:
SF:models/product.model.js
FN:3,(anonymous_0)
FNF:1
FNH:1
FNDA:1,(anonymous_0)
DA:3,1
DA:5,1
DA:30,1
LF:3
LH:3
BRF:0
BRH:0
end_of_record
TN:
SF:models/role.model.js
FN:1,(anonymous_0)
FNF:1
FNH:1
FNDA:1,(anonymous_0)
DA:1,1
DA:3,1
DA:16,1
LF:3
LH:3
BRF:0
BRH:0
end_of_record
TN:
SF:models/user.model.js
FN:3,(anonymous_0)
FNF:1
FNH:1
FNDA:1,(anonymous_0)
DA:3,1
DA:6,1
DA:26,1
LF:3
LH:3
BRF:0
BRH:0
end_of_record
TN:
SF:tests/unit/interceptor.js
FN:4,(anonymous_0)
FN:16,(anonymous_1)
FNF:2
FNH:2
FNDA:3,(anonymous_0)
FNDA:3,(anonymous_1)
DA:2,1
DA:6,3
DA:8,3
DA:9,3
DA:10,3
DA:11,3
DA:13,3
DA:18,3
DA:20,3
DA:21,3
DA:22,3
DA:24,3
LF:12
LH:12
BRF:0
BRH:0
end_of_record
